2025-04-19 21:27:14,507 - src.utils.data_preprocessing - INFO - 开始预处理酒店数据...
2025-04-19 21:27:14,508 - src.utils.data_preprocessing - INFO - 处理缺失值...
2025-04-19 21:27:14,510 - src.utils.data_preprocessing - INFO - 缺失值情况: {'agent': 204, 'company': 4455}
2025-04-19 21:27:14,511 - src.utils.data_preprocessing - INFO - 填充缺失值: agent 使用中位数 11.0
2025-04-19 21:27:14,512 - src.utils.data_preprocessing - INFO - 填充缺失值: company 使用中位数 5.0
2025-04-19 21:27:14,514 - src.utils.data_preprocessing - INFO - 处理异常值...
2025-04-19 21:27:14,515 - src.utils.data_preprocessing - INFO - 发现异常高的平均每日房价 (>499.3026499886603): 5 条记录
2025-04-19 21:27:14,515 - src.utils.data_preprocessing - INFO - 转换分类变量...
2025-04-19 21:27:14,524 - src.utils.data_preprocessing - INFO - 创建日期特征...
2025-04-19 21:27:14,524 - src.utils.data_preprocessing - INFO - 创建完整到达日期...
2025-04-19 21:27:14,529 - src.utils.data_preprocessing - WARNING - Found 35 invalid dates that were converted to NaT
2025-04-19 21:27:14,532 - src.utils.data_preprocessing - INFO - 创建逗留时间特征...
2025-04-19 21:27:14,533 - src.utils.data_preprocessing - INFO - 创建客人数量特征...
2025-04-19 21:27:14,540 - src.utils.data_preprocessing - INFO - 数据预处理完成! 处理前: (5000, 35), 处理后: (5000, 43)
2025-04-19 21:27:14,578 - src.utils.data_preprocessing - INFO - 开始创建特征...
2025-04-19 21:27:14,579 - src.utils.data_preprocessing - INFO - 创建预订提前天数分组...
2025-04-19 21:27:14,581 - src.utils.data_preprocessing - INFO - 创建房价相关特征...
2025-04-19 21:27:14,586 - src.utils.data_preprocessing - INFO - 创建客户相关特征...
2025-04-19 21:27:14,587 - src.utils.data_preprocessing - INFO - 创建市场细分特征...
2025-04-19 21:27:14,588 - src.utils.data_preprocessing - INFO - 创建反复预订特征...
2025-04-19 21:27:14,588 - src.utils.data_preprocessing - INFO - 创建季节性特征...
2025-04-19 21:27:14,590 - src.utils.data_preprocessing - INFO - 创建交互特征...
2025-04-19 21:27:14,595 - src.utils.data_preprocessing - INFO - 特征创建完成! 输入: (5000, 43), 输出: (5000, 63)
